2017-08-27 03:13:02.092/7.622 Oracle Coherence 12.1.3.0.0 <Info> (thread=main, member=n/a): Loaded operational configuration from "jar:file:/C:/Oracle12c/Middleware/Oracle_Home/coherence/lib/coherence.jar!/tangosol-coherence.xml"
2017-08-27 03:13:02.341/7.870 Oracle Coherence 12.1.3.0.0 <Info> (thread=main, member=n/a): Loaded operational overrides from "jar:file:/C:/Oracle12c/Middleware/Oracle_Home/coherence/lib/coherence.jar!/tangosol-coherence-override-dev.xml"
2017-08-27 03:13:02.344/7.873 Oracle Coherence 12.1.3.0.0 <D5> (thread=main, member=n/a): Optional configuration override "/tangosol-coherence-override.xml" is not specified
2017-08-27 03:13:02.351/7.880 Oracle Coherence 12.1.3.0.0 <D5> (thread=main, member=n/a): Optional configuration override "cache-factory-config.xml" is not specified
2017-08-27 03:13:02.354/7.883 Oracle Coherence 12.1.3.0.0 <D5> (thread=main, member=n/a): Optional configuration override "cache-factory-builder-config.xml" is not specified
2017-08-27 03:13:02.357/7.886 Oracle Coherence 12.1.3.0.0 <D5> (thread=main, member=n/a): Optional configuration override "/custom-mbeans.xml" is not specified

Oracle Coherence Version 12.1.3.0.0 Build 52031
 Grid Edition: Development mode
Copyright (c) 2000, 2014, Oracle and/or its affiliates. All rights reserved.

2017-08-27 03:13:02.590/8.119 Oracle Coherence GE 12.1.3.0.0 <Info> (thread=main, member=n/a): Created cache factory com.tangosol.net.DefaultConfigurableCacheFactory
WARNING: Failed to load WSDL from oramds:/apps/CICD_HelloWorld/HelloWorldCICD2_BPEL.wsdl due to: Error in getting XML input stream: oramds:/apps/CICD_HelloWorld/HelloWorldCICD2_BPEL.wsdl: oracle.mds.exception.MDSException: MDS-00054: The file to be loaded oramds:/apps/CICD_HelloWorld/HelloWorldCICD2_BPEL.wsdl does not exist.
INFO: validating "BPEL/HelloWorldCICD2_BPEL.bpel" ...
WARNING: JRF is unable to determine the current application server platform.
WARNING: Failed to load WSDL from oramds:/apps/CICD_HelloWorld/HelloWorldCICD2_BPEL.wsdl due to: Error in getting XML input stream: oramds:/apps/CICD_HelloWorld/HelloWorldCICD2_BPEL.wsdl: oracle.mds.exception.MDSException: MDS-00054: The file to be loaded oramds:/apps/CICD_HelloWorld/HelloWorldCICD2_BPEL.wsdl does not exist.
SEVERE: 
oracle.mds.exception.MDSException: MDS-00054: The file to be loaded oramds:/apps/CICD_HelloWorld/HelloWorldCICD2_BPEL.wsdl does not exist.
	at oracle.mds.internal.net.AbstractOraMDSURLConnection.getPDocStreamWithRetry(AbstractOraMDSURLConnection.java:642)
	at oracle.mds.internal.net.AbstractOraMDSURLConnection.getInputStream(AbstractOraMDSURLConnection.java:252)
	at oracle.mds.internal.net.OraMDSURLConnection.getInputStream(OraMDSURLConnection.java:88)
	at java.net.URL.openStream(URL.java:1037)
	at oracle.fabric.common.metadata.MetadataManagerImpl.getInputStreamFromAbsoluteURL(MetadataManagerImpl.java:321)
	at oracle.integration.platform.common.MDSMetadataManagerImpl.getInputStreamFromAbsoluteURL(MDSMetadataManagerImpl.java:754)
	at oracle.fabric.common.metadata.MetadataManagerImpl.getDocumentAsInputStream(MetadataManagerImpl.java:201)
	at oracle.integration.platform.common.MDSMetadataManagerImpl.getDocumentAsInputStream(MDSMetadataManagerImpl.java:533)
	at oracle.fabric.common.wsdl.WSDLManager.loadWSDL(WSDLManager.java:307)
	at oracle.fabric.common.wsdl.WSDLManager.loadWSDL(WSDLManager.java:408)
	at oracle.fabric.composite.model.CompositeModel.loadImports(CompositeModel.java:493)
	at oracle.fabric.composite.model.CompositeModel.getWSDLManager(CompositeModel.java:242)
	at com.collaxa.cube.lang.compiler.ComponentCompilationModel.getWSDLManager(ComponentCompilationModel.java:61)
	at com.collaxa.cube.lang.compiler.BPELComponentCompilationModel.lookupPartnerLinkType(BPELComponentCompilationModel.java:163)
	at com.collaxa.cube.lang.compiler.bpel.BpelParser.assertPartnerLink(BpelParser.java:4688)
	at com.collaxa.cube.lang.compiler.bpel.BpelParser.parsePartnerLink(BpelParser.java:1342)
	at com.collaxa.cube.lang.compiler.bpel.BpelParser.startElement(BpelParser.java:591)
	at com.collaxa.cube.lang.compiler.bpel.BpelParser.parseElement(BpelParser.java:510)
	at com.collaxa.cube.lang.compiler.bpel.BpelParser.parseElement(BpelParser.java:517)
	at com.collaxa.cube.lang.compiler.bpel.BpelParser.parseElement(BpelParser.java:517)
	at com.collaxa.cube.lang.compiler.bpel.BpelParser.parse(BpelParser.java:468)
	at com.collaxa.cube.lang.compiler.bpel.BpelParser.parse(BpelParser.java:414)
	at com.collaxa.cube.lang.compiler.bpel.BPELValidator.validate(BPELValidator.java:70)
	at com.collaxa.cube.lang.compiler.BPEL1Processor.validate(BPEL1Processor.java:336)
	at com.collaxa.cube.lang.compiler.BPEL1Processor.process(BPEL1Processor.java:161)
	at oracle.fabric.bpel.bpelc.BPELComponentValidator.validate(BPELComponentValidator.java:86)
	at oracle.soa.scac.ValidateComposite.validateComponentTypeServicesReferences(ValidateComposite.java:1067)
	at oracle.soa.scac.ValidateComposite.doValidation0(ValidateComposite.java:522)
	at oracle.soa.scac.ValidateComposite.doValidation(ValidateComposite.java:501)
	at oracle.soa.scac.ValidateComposite.run0(ValidateComposite.java:219)
	at oracle.soa.scac.ValidateComposite.run(ValidateComposite.java:200)
	at oracle.soa.scac.ValidateComposite.main(ValidateComposite.java:192)
WARNING: Failed to load WSDL from oramds:/apps/CICD_HelloWorld/HelloWorldCICD2_BPEL.wsdl due to: Error in getting XML input stream: oramds:/apps/CICD_HelloWorld/HelloWorldCICD2_BPEL.wsdl: oracle.mds.exception.MDSException: MDS-00054: The file to be loaded oramds:/apps/CICD_HelloWorld/HelloWorldCICD2_BPEL.wsdl does not exist.
SEVERE: 
oracle.mds.exception.MDSException: MDS-00054: The file to be loaded oramds:/apps/CICD_HelloWorld/HelloWorldCICD2_BPEL.wsdl does not exist.
	at oracle.mds.internal.net.AbstractOraMDSURLConnection.getPDocStreamWithRetry(AbstractOraMDSURLConnection.java:642)
	at oracle.mds.internal.net.AbstractOraMDSURLConnection.getInputStream(AbstractOraMDSURLConnection.java:252)
	at oracle.mds.internal.net.OraMDSURLConnection.getInputStream(OraMDSURLConnection.java:88)
	at java.net.URL.openStream(URL.java:1037)
	at oracle.fabric.common.metadata.MetadataManagerImpl.getInputStreamFromAbsoluteURL(MetadataManagerImpl.java:321)
	at oracle.integration.platform.common.MDSMetadataManagerImpl.getInputStreamFromAbsoluteURL(MDSMetadataManagerImpl.java:754)
	at oracle.fabric.common.metadata.MetadataManagerImpl.getDocumentAsInputStream(MetadataManagerImpl.java:201)
	at oracle.integration.platform.common.MDSMetadataManagerImpl.getDocumentAsInputStream(MDSMetadataManagerImpl.java:533)
	at oracle.fabric.common.wsdl.WSDLManager.loadWSDL(WSDLManager.java:307)
	at oracle.fabric.common.wsdl.WSDLManager.loadWSDL(WSDLManager.java:408)
	at oracle.fabric.composite.model.CompositeModel.loadImports(CompositeModel.java:493)
	at oracle.fabric.composite.model.CompositeModel.getWSDLManager(CompositeModel.java:242)
	at com.collaxa.cube.lang.compiler.ComponentCompilationModel.getWSDLManager(ComponentCompilationModel.java:61)
	at com.collaxa.cube.lang.compiler.BPELComponentCompilationModel.lookupMessage(BPELComponentCompilationModel.java:153)
	at com.collaxa.cube.lang.compiler.bpel.BpelParser.assertMessageType(BpelParser.java:4385)
	at com.collaxa.cube.lang.compiler.bpel.BpelParser.parseVariable(BpelParser.java:1857)
	at com.collaxa.cube.lang.compiler.bpel.BpelParser.startElement(BpelParser.java:611)
	at com.collaxa.cube.lang.compiler.bpel.BpelParser.parseElement(BpelParser.java:510)
	at com.collaxa.cube.lang.compiler.bpel.BpelParser.parseElement(BpelParser.java:517)
	at com.collaxa.cube.lang.compiler.bpel.BpelParser.parseElement(BpelParser.java:517)
	at com.collaxa.cube.lang.compiler.bpel.BpelParser.parse(BpelParser.java:468)
	at com.collaxa.cube.lang.compiler.bpel.BpelParser.parse(BpelParser.java:414)
	at com.collaxa.cube.lang.compiler.bpel.BPELValidator.validate(BPELValidator.java:70)
	at com.collaxa.cube.lang.compiler.BPEL1Processor.validate(BPEL1Processor.java:336)
	at com.collaxa.cube.lang.compiler.BPEL1Processor.process(BPEL1Processor.java:161)
	at oracle.fabric.bpel.bpelc.BPELComponentValidator.validate(BPELComponentValidator.java:86)
	at oracle.soa.scac.ValidateComposite.validateComponentTypeServicesReferences(ValidateComposite.java:1067)
	at oracle.soa.scac.ValidateComposite.doValidation0(ValidateComposite.java:522)
	at oracle.soa.scac.ValidateComposite.doValidation(ValidateComposite.java:501)
	at oracle.soa.scac.ValidateComposite.run0(ValidateComposite.java:219)
	at oracle.soa.scac.ValidateComposite.run(ValidateComposite.java:200)
	at oracle.soa.scac.ValidateComposite.main(ValidateComposite.java:192)
SEVERE: bpel parsing failed for BPEL/HelloWorldCICD2_BPEL.bpel
oracle.mds.exception.MDSException: MDS-00054: The file to be loaded oramds:/apps/CICD_HelloWorld/HelloWorldCICD2_BPEL.wsdl does not exist.
	at oracle.mds.internal.net.AbstractOraMDSURLConnection.getPDocStreamWithRetry(AbstractOraMDSURLConnection.java:642)
	at oracle.mds.internal.net.AbstractOraMDSURLConnection.getInputStream(AbstractOraMDSURLConnection.java:252)
	at oracle.mds.internal.net.OraMDSURLConnection.getInputStream(OraMDSURLConnection.java:88)
	at java.net.URL.openStream(URL.java:1037)
	at oracle.fabric.common.metadata.MetadataManagerImpl.getInputStreamFromAbsoluteURL(MetadataManagerImpl.java:321)
	at oracle.integration.platform.common.MDSMetadataManagerImpl.getInputStreamFromAbsoluteURL(MDSMetadataManagerImpl.java:754)
	at oracle.fabric.common.metadata.MetadataManagerImpl.getDocumentAsInputStream(MetadataManagerImpl.java:201)
	at oracle.integration.platform.common.MDSMetadataManagerImpl.getDocumentAsInputStream(MDSMetadataManagerImpl.java:533)
	at oracle.fabric.common.wsdl.WSDLManager.loadWSDL(WSDLManager.java:307)
	at oracle.fabric.common.wsdl.WSDLManager.loadWSDL(WSDLManager.java:408)
	at oracle.fabric.composite.model.CompositeModel.loadImports(CompositeModel.java:493)
	at oracle.fabric.composite.model.CompositeModel.getWSDLManager(CompositeModel.java:242)
	at com.collaxa.cube.lang.compiler.ComponentCompilationModel.getWSDLManager(ComponentCompilationModel.java:61)
	at com.collaxa.cube.lang.compiler.BPELComponentCompilationModel.lookupMessage(BPELComponentCompilationModel.java:153)
	at com.collaxa.cube.lang.compiler.bpel.BpelParser.assertMessageType(BpelParser.java:4385)
	at com.collaxa.cube.lang.compiler.bpel.BpelParser.parseVariable(BpelParser.java:1857)
	at com.collaxa.cube.lang.compiler.bpel.BpelParser.startElement(BpelParser.java:611)
	at com.collaxa.cube.lang.compiler.bpel.BpelParser.parseElement(BpelParser.java:510)
	at com.collaxa.cube.lang.compiler.bpel.BpelParser.parseElement(BpelParser.java:517)
	at com.collaxa.cube.lang.compiler.bpel.BpelParser.parseElement(BpelParser.java:517)
	at com.collaxa.cube.lang.compiler.bpel.BpelParser.parse(BpelParser.java:468)
	at com.collaxa.cube.lang.compiler.bpel.BpelParser.parse(BpelParser.java:414)
	at com.collaxa.cube.lang.compiler.bpel.BPELValidator.validate(BPELValidator.java:70)
	at com.collaxa.cube.lang.compiler.BPEL1Processor.validate(BPEL1Processor.java:336)
	at com.collaxa.cube.lang.compiler.BPEL1Processor.process(BPEL1Processor.java:161)
	at oracle.fabric.bpel.bpelc.BPELComponentValidator.validate(BPELComponentValidator.java:86)
	at oracle.soa.scac.ValidateComposite.validateComponentTypeServicesReferences(ValidateComposite.java:1067)
	at oracle.soa.scac.ValidateComposite.doValidation0(ValidateComposite.java:522)
	at oracle.soa.scac.ValidateComposite.doValidation(ValidateComposite.java:501)
	at oracle.soa.scac.ValidateComposite.run0(ValidateComposite.java:219)
	at oracle.soa.scac.ValidateComposite.run(ValidateComposite.java:200)
	at oracle.soa.scac.ValidateComposite.main(ValidateComposite.java:192)
