2017-08-27 01:34:48.579/6.223 Oracle Coherence 12.1.3.0.0 <Info> (thread=main, member=n/a): Loaded operational configuration from "jar:file:/C:/Oracle12c/Middleware/Oracle_Home/coherence/lib/coherence.jar!/tangosol-coherence.xml"
2017-08-27 01:34:48.870/6.514 Oracle Coherence 12.1.3.0.0 <Info> (thread=main, member=n/a): Loaded operational overrides from "jar:file:/C:/Oracle12c/Middleware/Oracle_Home/coherence/lib/coherence.jar!/tangosol-coherence-override-dev.xml"
2017-08-27 01:34:48.873/6.517 Oracle Coherence 12.1.3.0.0 <D5> (thread=main, member=n/a): Optional configuration override "/tangosol-coherence-override.xml" is not specified
2017-08-27 01:34:48.879/6.523 Oracle Coherence 12.1.3.0.0 <D5> (thread=main, member=n/a): Optional configuration override "cache-factory-config.xml" is not specified
2017-08-27 01:34:48.882/6.526 Oracle Coherence 12.1.3.0.0 <D5> (thread=main, member=n/a): Optional configuration override "cache-factory-builder-config.xml" is not specified
2017-08-27 01:34:48.884/6.528 Oracle Coherence 12.1.3.0.0 <D5> (thread=main, member=n/a): Optional configuration override "/custom-mbeans.xml" is not specified

Oracle Coherence Version 12.1.3.0.0 Build 52031
 Grid Edition: Development mode
Copyright (c) 2000, 2014, Oracle and/or its affiliates. All rights reserved.

2017-08-27 01:34:49.391/7.035 Oracle Coherence GE 12.1.3.0.0 <Info> (thread=main, member=n/a): Created cache factory com.tangosol.net.DefaultConfigurableCacheFactory
Aug 27, 2017 1:34:50 AM oracle.fabric.common.wsdl.SchemaManager isIncrementalBuildSupported
INFO: XMLSchema incremental build enabled.
Aug 27, 2017 1:34:50 AM com.collaxa.cube.CubeLogger info
INFO: validating "BPEL/HelloWorld.bpel" ...
Aug 27, 2017 1:34:51 AM oracle.integration.platform.blocks.PlatformConfigurationProvider getPlatformConfigurationProvider
WARNING: JRF is unable to determine the current application server platform.
Aug 27, 2017 1:34:51 AM com.collaxa.cube.CubeLogger info
INFO: Composed "HelloWorld" in 99.7 milliseconds [nodes 6=0+6, 60.2 nodes/sec]
Aug 27, 2017 1:34:54 AM CubeProcessGenerator compile
INFO: RegularFileObject[D:\JDeveloper\mywork\TestSampleCICDApp\HelloWorldCICD\SOA\SCA-INF\bpel\HelloW~0\src\orabpel\helloworld\L0.java] D:\JDeveloper\mywork\TestSampleCICDApp\HelloWorldCICD\SOA\SCA-INF\bpel\HelloW~0\src\orabpel\helloworld\L0.java uses unchecked or unsafe operations.
Aug 27, 2017 1:34:54 AM CubeProcessGenerator compile
INFO: RegularFileObject[D:\JDeveloper\mywork\TestSampleCICDApp\HelloWorldCICD\SOA\SCA-INF\bpel\HelloW~0\src\orabpel\helloworld\L0.java] Recompile with -Xlint:unchecked for details.
Aug 27, 2017 1:34:54 AM com.collaxa.cube.CubeLogger info
INFO: Compiled "HelloWorld" in 2.199 seconds
Aug 27, 2017 1:34:54 AM com.collaxa.cube.CubeLogger info
INFO: Gathered 4 files in 0.6 milliseconds
Aug 27, 2017 1:34:54 AM com.collaxa.cube.CubeLogger info
INFO: Packaged "HelloWorld" in 16.0 milliseconds
