2017-08-27 03:20:14.370/7.305 Oracle Coherence 12.1.3.0.0 <Info> (thread=main, member=n/a): Loaded operational configuration from "jar:file:/C:/Oracle12c/Middleware/Oracle_Home/coherence/lib/coherence.jar!/tangosol-coherence.xml"
2017-08-27 03:20:14.559/7.494 Oracle Coherence 12.1.3.0.0 <Info> (thread=main, member=n/a): Loaded operational overrides from "jar:file:/C:/Oracle12c/Middleware/Oracle_Home/coherence/lib/coherence.jar!/tangosol-coherence-override-dev.xml"
2017-08-27 03:20:14.563/7.498 Oracle Coherence 12.1.3.0.0 <D5> (thread=main, member=n/a): Optional configuration override "/tangosol-coherence-override.xml" is not specified
2017-08-27 03:20:14.570/7.505 Oracle Coherence 12.1.3.0.0 <D5> (thread=main, member=n/a): Optional configuration override "cache-factory-config.xml" is not specified
2017-08-27 03:20:14.573/7.508 Oracle Coherence 12.1.3.0.0 <D5> (thread=main, member=n/a): Optional configuration override "cache-factory-builder-config.xml" is not specified
2017-08-27 03:20:14.576/7.511 Oracle Coherence 12.1.3.0.0 <D5> (thread=main, member=n/a): Optional configuration override "/custom-mbeans.xml" is not specified

Oracle Coherence Version 12.1.3.0.0 Build 52031
 Grid Edition: Development mode
Copyright (c) 2000, 2014, Oracle and/or its affiliates. All rights reserved.

2017-08-27 03:20:14.822/7.757 Oracle Coherence GE 12.1.3.0.0 <Info> (thread=main, member=n/a): Created cache factory com.tangosol.net.DefaultConfigurableCacheFactory
Aug 27, 2017 3:20:16 AM oracle.fabric.common.wsdl.SchemaManager isIncrementalBuildSupported
INFO: XMLSchema incremental build enabled.
Aug 27, 2017 3:20:16 AM com.collaxa.cube.CubeLogger info
INFO: validating "BPEL/SOAProcess1.bpel" ...
Aug 27, 2017 3:20:16 AM oracle.integration.platform.blocks.PlatformConfigurationProvider getPlatformConfigurationProvider
WARNING: JRF is unable to determine the current application server platform.
Aug 27, 2017 3:20:17 AM com.collaxa.cube.CubeLogger info
INFO: Composed "SOAProcess1" in 80.8 milliseconds [nodes 6=0+6, 74.3 nodes/sec]
Aug 27, 2017 3:20:20 AM CubeProcessGenerator compile
INFO: RegularFileObject[D:\JDeveloper\mywork\TestSampleCICDApp\HellowWorldCICDver2\SOA\SCA-INF\bpel\SOAPro~0\src\orabpel\soaprocess1\L0.java] D:\JDeveloper\mywork\TestSampleCICDApp\HellowWorldCICDver2\SOA\SCA-INF\bpel\SOAPro~0\src\orabpel\soaprocess1\L0.java uses unchecked or unsafe operations.
Aug 27, 2017 3:20:20 AM CubeProcessGenerator compile
INFO: RegularFileObject[D:\JDeveloper\mywork\TestSampleCICDApp\HellowWorldCICDver2\SOA\SCA-INF\bpel\SOAPro~0\src\orabpel\soaprocess1\L0.java] Recompile with -Xlint:unchecked for details.
Aug 27, 2017 3:20:20 AM com.collaxa.cube.CubeLogger info
INFO: Compiled "SOAProcess1" in 2.902 seconds
Aug 27, 2017 3:20:20 AM com.collaxa.cube.CubeLogger info
INFO: Gathered 4 files in 1.0 milliseconds
Aug 27, 2017 3:20:20 AM com.collaxa.cube.CubeLogger info
INFO: Packaged "SOAProcess1" in 24.0 milliseconds
